E:\STUDY\CODING PRACTICE\HACKERRANK\3DSURFACEAREA\3DSURFACEAREA\DEBUG\MAIN.OBJ
E:\STUDY\CODING PRACTICE\HACKERRANK\3DSURFACEAREA\3DSURFACEAREA\DEBUG\VC110.PDB
E:\STUDY\CODING PRACTICE\HACKERRANK\3DSURFACEAREA\DEBUG\3DSURFACEAREA.ILK
E:\STUDY\CODING PRACTICE\HACKERRANK\3DSURFACEAREA\DEBUG\3DSURFACEAREA.EXE
E:\STUDY\CODING PRACTICE\HACKERRANK\3DSURFACEAREA\DEBUG\3DSURFACEAREA.PDB
E:\Study\Coding Practice\HackerRank\3DSurfaceArea\3DSurfaceArea\Debug\Main.obj
E:\Study\Coding Practice\HackerRank\3DSurfaceArea\3DSurfaceArea\Debug\cl.command.1.tlog
E:\Study\Coding Practice\HackerRank\3DSurfaceArea\3DSurfaceArea\Debug\CL.read.1.tlog
E:\Study\Coding Practice\HackerRank\3DSurfaceArea\3DSurfaceArea\Debug\CL.write.1.tlog
E:\Study\Coding Practice\HackerRank\3DSurfaceArea\3DSurfaceArea\Debug\link-cvtres.read.1.tlog
E:\Study\Coding Practice\HackerRank\3DSurfaceArea\3DSurfaceArea\Debug\link-cvtres.write.1.tlog
E:\Study\Coding Practice\HackerRank\3DSurfaceArea\3DSurfaceArea\Debug\link-rc.read.1.tlog
E:\Study\Coding Practice\HackerRank\3DSurfaceArea\3DSurfaceArea\Debug\link-rc.write.1.tlog
E:\Study\Coding Practice\HackerRank\3DSurfaceArea\3DSurfaceArea\Debug\link.command.1.tlog
E:\Study\Coding Practice\HackerRank\3DSurfaceArea\3DSurfaceArea\Debug\link.read.1.tlog
E:\Study\Coding Practice\HackerRank\3DSurfaceArea\3DSurfaceArea\Debug\link.write.1.tlog
E:\Study\Coding Practice\HackerRank\3DSurfaceArea\3DSurfaceArea\Debug\vc110.idb
E:\Study\Coding Practice\HackerRank\3DSurfaceArea\3DSurfaceArea\Debug\vc110.pdb
E:\Study\Coding Practice\HackerRank\3DSurfaceArea\Debug\3DSurfaceArea.pdb
E:\Study\Coding Practice\HackerRank\3DSurfaceArea\Debug\3DSurfaceArea.exe
E:\Study\Coding Practice\HackerRank\3DSurfaceArea\Debug\3DSurfaceArea.ilk
